<?xml version="1.0" encoding="UTF-8"?>
<!-- Generated by org.testng.reporters.JUnitReportReporter -->
<testsuite hostname="DESKTOP-37FI79C" failures="0" tests="2" name="testcases.LoginPage" time="23.288" errors="0" timestamp="2021-10-14T15:04:22 IST" skipped="0">
  <testcase classname="testcases.LoginPage" name="ClickLoginLink" time="18.748"/>
  <system-out/>
  <testcase classname="testcases.LoginPage" name="EnterValidCredentials" time="4.540"/>
  <system-out/>
</testsuite> <!-- testcases.LoginPage -->
