<?xml version="1.0" encoding="UTF-8"?>
<!-- Generated by org.testng.reporters.JUnitReportReporter -->
<testsuite hostname="DESKTOP-37FI79C" failures="0" tests="1" name="testcases.SelectBooks" time="5.424" errors="0" timestamp="2021-10-14T15:04:22 IST" skipped="0">
  <testcase classname="testcases.SelectBooks" name="SelectBooksAddtocart" time="5.424"/>
  <system-out/>
</testsuite> <!-- testcases.SelectBooks -->
