<?xml version="1.0" encoding="UTF-8"?>
<!-- Generated by org.testng.reporters.JUnitReportReporter -->
<testsuite hostname="DESKTOP-37FI79C" failures="0" tests="1" name="testcases.ConfrmOrder1" time="2.372" errors="0" timestamp="2021-10-14T15:04:22 IST" skipped="0">
  <testcase classname="testcases.ConfrmOrder1" name="payment" time="2.372"/>
  <system-out/>
</testsuite> <!-- testcases.ConfrmOrder1 -->
