<?xml version="1.0" encoding="UTF-8"?>
<!-- Generated by org.testng.reporters.JUnitReportReporter -->
<testsuite hostname="DESKTOP-37FI79C" failures="0" tests="1" name="testcases.ClearShoppingCart" time="3.891" errors="0" timestamp="2021-10-14T15:04:22 IST" skipped="0">
  <testcase classname="testcases.ClearShoppingCart" name="clearaddtocart" time="3.891"/>
  <system-out/>
</testsuite> <!-- testcases.ClearShoppingCart -->
