<?xml version="1.0" encoding="UTF-8"?>
<!-- Generated by org.testng.reporters.JUnitReportReporter -->
<testsuite hostname="DESKTOP-37FI79C" failures="0" tests="7" name="testcases.Checkout" time="2.168" errors="0" timestamp="2021-10-14T15:04:22 IST" skipped="0">
  <testcase classname="testcases.Checkout" name="excelR" time="2.000"/>
  <system-out/>
  <testcase classname="testcases.Checkout" name="BillingAddress" time="0.104"/>
  <system-out/>
  <testcase classname="testcases.Checkout" name="ShippingAddress" time="0.037"/>
  <system-out/>
  <testcase classname="testcases.Checkout" name="ShippingMethod" time="0.005"/>
  <system-out/>
  <testcase classname="testcases.Checkout" name="PaymentMethod" time="0.011"/>
  <system-out/>
  <testcase classname="testcases.Checkout" name="PaymentInfomation" time="0.006"/>
  <system-out/>
  <testcase classname="testcases.Checkout" name="ConfirmOrder" time="0.005"/>
  <system-out/>
</testsuite> <!-- testcases.Checkout -->
