<?xml version="1.0" encoding="UTF-8"?>
<!-- Generated by org.testng.reporters.JUnitReportReporter -->
<testsuite hostname="DESKTOP-37FI79C" failures="0" tests="1" name="testcases.SuccessfullyProcessed" time="1.255" errors="0" timestamp="2021-10-14T15:04:22 IST" skipped="0">
  <testcase classname="testcases.SuccessfullyProcessed" name="payment" time="1.255"/>
  <system-out/>
</testsuite> <!-- testcases.SuccessfullyProcessed -->
