<?xml version="1.0" encoding="UTF-8"?>
<!-- Generated by org.testng.reporters.JUnitReportReporter -->
<testsuite hostname="DESKTOP-37FI79C" failures="0" tests="1" name="testcases.ShippingMethod1" time="0.461" errors="0" timestamp="2021-10-14T15:04:22 IST" skipped="0">
  <testcase classname="testcases.ShippingMethod1" name="next" time="0.461"/>
  <system-out/>
</testsuite> <!-- testcases.ShippingMethod1 -->
