<?xml version="1.0" encoding="UTF-8"?>
<!-- Generated by org.testng.reporters.JUnitReportReporter -->
<testsuite hostname="DESKTOP-37FI79C" failures="0" tests="2" name="testcases.BillingAddress" time="4.393" errors="0" timestamp="2021-10-14T15:04:22 IST" skipped="0">
  <testcase classname="testcases.BillingAddress" name="checkout" time="4.191"/>
  <system-out/>
  <testcase classname="testcases.BillingAddress" name="BillingAddressdropdown" time="0.202"/>
  <system-out/>
</testsuite> <!-- testcases.BillingAddress -->
