<?xml version="1.0" encoding="UTF-8"?>
<!-- Generated by org.testng.reporters.JUnitReportReporter -->
<testsuite hostname="DESKTOP-37FI79C" failures="0" tests="2" name="testcases.GoToCart" time="3.206" errors="0" timestamp="2021-10-14T15:04:22 IST" skipped="0">
  <testcase classname="testcases.GoToCart" name="addtocart" time="2.346"/>
  <system-out/>
  <testcase classname="testcases.GoToCart" name="clickgotocart" time="0.860"/>
  <system-out/>
</testsuite> <!-- testcases.GoToCart -->
